[35m[1mScanning dependencies of target _um7_generate_messages_check_deps_Reset[0m
[  0%] Built target _um7_generate_messages_check_deps_Reset
[35m[1mScanning dependencies of target um7_generate_messages_cpp[0m
[35m[1mScanning dependencies of target um7_generate_messages_lisp[0m
[35m[1mScanning dependencies of target um7_generate_messages_eus[0m
[35m[1mScanning dependencies of target um7_generate_messages_py[0m
[ 27%] Built target um7_generate_messages_lisp
[ 27%] Built target um7_generate_messages_eus
[ 45%] Built target um7_generate_messages_cpp
[ 54%] Built target um7_generate_messages_py
[35m[1mScanning dependencies of target um7_generate_messages_nodejs[0m
[35m[1mScanning dependencies of target um7_driver[0m
[ 63%] Built target um7_generate_messages_nodejs
[35m[1mScanning dependencies of target um7_generate_messages[0m
[ 72%] [32mBuilding CXX object CMakeFiles/um7_driver.dir/src/registers.cpp.o[0m
[ 81%] [32mBuilding CXX object CMakeFiles/um7_driver.dir/src/main.cpp.o[0m
[ 90%] [32mBuilding CXX object CMakeFiles/um7_driver.dir/src/comms.cpp.o[0m
[ 90%] Built target um7_generate_messages
[100%] [32m[1mLinking CXX executable /home/rip-acer-vn7-591g-1/catkin_ws/devel_cb/.private/um7/lib/um7/um7_driver[0m
[100%] Built target um7_driver
