Linked: (/home/rip-acer-vn7-591g-1/catkin_ws/devel_cb/.private/um7/include/um7/ResetRequest.h, /home/rip-acer-vn7-591g-1/catkin_ws/devel_cb/include/um7/ResetRequest.h)
Linked: (/home/rip-acer-vn7-591g-1/catkin_ws/devel_cb/.private/um7/include/um7/Reset.h, /home/rip-acer-vn7-591g-1/catkin_ws/devel_cb/include/um7/Reset.h)
Linked: (/home/rip-acer-vn7-591g-1/catkin_ws/devel_cb/.private/um7/include/um7/ResetResponse.h, /home/rip-acer-vn7-591g-1/catkin_ws/devel_cb/include/um7/ResetResponse.h)
Linked: (/home/rip-acer-vn7-591g-1/catkin_ws/devel_cb/.private/um7/share/roseus/ros/um7/manifest.l, /home/rip-acer-vn7-591g-1/catkin_ws/devel_cb/share/roseus/ros/um7/manifest.l)
Linked: (/home/rip-acer-vn7-591g-1/catkin_ws/devel_cb/.private/um7/share/roseus/ros/um7/srv/Reset.l, /home/rip-acer-vn7-591g-1/catkin_ws/devel_cb/share/roseus/ros/um7/srv/Reset.l)
Linked: (/home/rip-acer-vn7-591g-1/catkin_ws/devel_cb/.private/um7/share/gennodejs/ros/um7/_index.js, /home/rip-acer-vn7-591g-1/catkin_ws/devel_cb/share/gennodejs/ros/um7/_index.js)
Linked: (/home/rip-acer-vn7-591g-1/catkin_ws/devel_cb/.private/um7/share/gennodejs/ros/um7/srv/Reset.js, /home/rip-acer-vn7-591g-1/catkin_ws/devel_cb/share/gennodejs/ros/um7/srv/Reset.js)
Linked: (/home/rip-acer-vn7-591g-1/catkin_ws/devel_cb/.private/um7/share/gennodejs/ros/um7/srv/_index.js, /home/rip-acer-vn7-591g-1/catkin_ws/devel_cb/share/gennodejs/ros/um7/srv/_index.js)
Linked: (/home/rip-acer-vn7-591g-1/catkin_ws/devel_cb/.private/um7/share/common-lisp/ros/um7/srv/um7-srv.asd, /home/rip-acer-vn7-591g-1/catkin_ws/devel_cb/share/common-lisp/ros/um7/srv/um7-srv.asd)
Linked: (/home/rip-acer-vn7-591g-1/catkin_ws/devel_cb/.private/um7/share/common-lisp/ros/um7/srv/_package.lisp, /home/rip-acer-vn7-591g-1/catkin_ws/devel_cb/share/common-lisp/ros/um7/srv/_package.lisp)
Linked: (/home/rip-acer-vn7-591g-1/catkin_ws/devel_cb/.private/um7/share/common-lisp/ros/um7/srv/Reset.lisp, /home/rip-acer-vn7-591g-1/catkin_ws/devel_cb/share/common-lisp/ros/um7/srv/Reset.lisp)
Linked: (/home/rip-acer-vn7-591g-1/catkin_ws/devel_cb/.private/um7/share/common-lisp/ros/um7/srv/_package_Reset.lisp, /home/rip-acer-vn7-591g-1/catkin_ws/devel_cb/share/common-lisp/ros/um7/srv/_package_Reset.lisp)
Linked: (/home/rip-acer-vn7-591g-1/catkin_ws/devel_cb/.private/um7/share/um7/cmake/um7Config-version.cmake, /home/rip-acer-vn7-591g-1/catkin_ws/devel_cb/share/um7/cmake/um7Config-version.cmake)
Linked: (/home/rip-acer-vn7-591g-1/catkin_ws/devel_cb/.private/um7/share/um7/cmake/um7-msg-paths.cmake, /home/rip-acer-vn7-591g-1/catkin_ws/devel_cb/share/um7/cmake/um7-msg-paths.cmake)
Linked: (/home/rip-acer-vn7-591g-1/catkin_ws/devel_cb/.private/um7/share/um7/cmake/um7Config.cmake, /home/rip-acer-vn7-591g-1/catkin_ws/devel_cb/share/um7/cmake/um7Config.cmake)
Linked: (/home/rip-acer-vn7-591g-1/catkin_ws/devel_cb/.private/um7/share/um7/cmake/um7-msg-extras.cmake, /home/rip-acer-vn7-591g-1/catkin_ws/devel_cb/share/um7/cmake/um7-msg-extras.cmake)
Linked: (/home/rip-acer-vn7-591g-1/catkin_ws/devel_cb/.private/um7/lib/python2.7/dist-packages/um7/__init__.py, /home/rip-acer-vn7-591g-1/catkin_ws/devel_cb/lib/python2.7/dist-packages/um7/__init__.py)
Linked: (/home/rip-acer-vn7-591g-1/catkin_ws/devel_cb/.private/um7/lib/python2.7/dist-packages/um7/srv/__init__.py, /home/rip-acer-vn7-591g-1/catkin_ws/devel_cb/lib/python2.7/dist-packages/um7/srv/__init__.py)
Linked: (/home/rip-acer-vn7-591g-1/catkin_ws/devel_cb/.private/um7/lib/python2.7/dist-packages/um7/srv/_Reset.py, /home/rip-acer-vn7-591g-1/catkin_ws/devel_cb/lib/python2.7/dist-packages/um7/srv/_Reset.py)
Linked: (/home/rip-acer-vn7-591g-1/catkin_ws/devel_cb/.private/um7/lib/um7/um7_driver, /home/rip-acer-vn7-591g-1/catkin_ws/devel_cb/lib/um7/um7_driver)
Linked: (/home/rip-acer-vn7-591g-1/catkin_ws/devel_cb/.private/um7/lib/pkgconfig/um7.pc, /home/rip-acer-vn7-591g-1/catkin_ws/devel_cb/lib/pkgconfig/um7.pc)
