Symlinking /home/rip-acer-vn7-591g-1/catkin_ws/devel_cb/include/um7/ResetRequest.h
Symlinking /home/rip-acer-vn7-591g-1/catkin_ws/devel_cb/include/um7/Reset.h
Symlinking /home/rip-acer-vn7-591g-1/catkin_ws/devel_cb/include/um7/ResetResponse.h
Symlinking /home/rip-acer-vn7-591g-1/catkin_ws/devel_cb/share/roseus/ros/um7/manifest.l
Symlinking /home/rip-acer-vn7-591g-1/catkin_ws/devel_cb/share/roseus/ros/um7/srv/Reset.l
Symlinking /home/rip-acer-vn7-591g-1/catkin_ws/devel_cb/share/gennodejs/ros/um7/_index.js
Symlinking /home/rip-acer-vn7-591g-1/catkin_ws/devel_cb/share/gennodejs/ros/um7/srv/Reset.js
Symlinking /home/rip-acer-vn7-591g-1/catkin_ws/devel_cb/share/gennodejs/ros/um7/srv/_index.js
Symlinking /home/rip-acer-vn7-591g-1/catkin_ws/devel_cb/share/common-lisp/ros/um7/srv/um7-srv.asd
Symlinking /home/rip-acer-vn7-591g-1/catkin_ws/devel_cb/share/common-lisp/ros/um7/srv/_package.lisp
Symlinking /home/rip-acer-vn7-591g-1/catkin_ws/devel_cb/share/common-lisp/ros/um7/srv/Reset.lisp
Symlinking /home/rip-acer-vn7-591g-1/catkin_ws/devel_cb/share/common-lisp/ros/um7/srv/_package_Reset.lisp
Symlinking /home/rip-acer-vn7-591g-1/catkin_ws/devel_cb/share/um7/cmake/um7Config-version.cmake
Symlinking /home/rip-acer-vn7-591g-1/catkin_ws/devel_cb/share/um7/cmake/um7-msg-paths.cmake
Symlinking /home/rip-acer-vn7-591g-1/catkin_ws/devel_cb/share/um7/cmake/um7Config.cmake
Symlinking /home/rip-acer-vn7-591g-1/catkin_ws/devel_cb/share/um7/cmake/um7-msg-extras.cmake
Symlinking /home/rip-acer-vn7-591g-1/catkin_ws/devel_cb/lib/python2.7/dist-packages/um7/__init__.py
Symlinking /home/rip-acer-vn7-591g-1/catkin_ws/devel_cb/lib/python2.7/dist-packages/um7/srv/__init__.py
Symlinking /home/rip-acer-vn7-591g-1/catkin_ws/devel_cb/lib/python2.7/dist-packages/um7/srv/_Reset.py
Symlinking /home/rip-acer-vn7-591g-1/catkin_ws/devel_cb/lib/um7/um7_driver
Symlinking /home/rip-acer-vn7-591g-1/catkin_ws/devel_cb/lib/pkgconfig/um7.pc
