[35m[1mScanning dependencies of target _um7_generate_messages_check_deps_Reset[0m
[  0%] Built target _um7_generate_messages_check_deps_Reset
[35m[1mScanning dependencies of target um7_generate_messages_py[0m
[35m[1mScanning dependencies of target um7_generate_messages_lisp[0m
[35m[1mScanning dependencies of target um7_generate_messages_cpp[0m
[35m[1mScanning dependencies of target um7_generate_messages_nodejs[0m
[35m[1mScanning dependencies of target um7_generate_messages_eus[0m
[  9%] [34m[1mGenerating Python code from SRV um7/Reset[0m
[ 18%] [34m[1mGenerating Javascript code from um7/Reset.srv[0m
[ 27%] [34m[1mGenerating EusLisp manifest code for um7[0m
[ 36%] [34m[1mGenerating EusLisp code from um7/Reset.srv[0m
[ 54%] [34m[1mGenerating C++ code from um7/Reset.srv[0m
[ 54%] [34m[1mGenerating Lisp code from um7/Reset.srv[0m
[ 54%] Built target um7_generate_messages_nodejs
[ 54%] Built target um7_generate_messages_lisp
[ 63%] [34m[1mGenerating Python srv __init__.py for um7[0m
[ 63%] Built target um7_generate_messages_cpp
[35m[1mScanning dependencies of target um7_driver[0m
[ 63%] Built target um7_generate_messages_py
[ 72%] [32mBuilding CXX object CMakeFiles/um7_driver.dir/src/registers.cpp.o[0m
[ 81%] [32mBuilding CXX object CMakeFiles/um7_driver.dir/src/comms.cpp.o[0m
[ 90%] [32mBuilding CXX object CMakeFiles/um7_driver.dir/src/main.cpp.o[0m
[ 90%] Built target um7_generate_messages_eus
[35m[1mScanning dependencies of target um7_generate_messages[0m
[ 90%] Built target um7_generate_messages
[100%] [32m[1mLinking CXX executable /home/rip-acer-vn7-591g-1/catkin_ws/devel_cb/.private/um7/lib/um7/um7_driver[0m
[100%] Built target um7_driver
