Determining if the pthread_create exist failed with the following output:
Change Dir: /home/rip-acer-vn7-591g-1/catkin_ws/build_cb/rosserial_server/CMakeFiles/CMakeTmp

Run Build Command:"/usr/bin/make" "cmTC_ea1d7/fast"
/usr/bin/make -f CMakeFiles/cmTC_ea1d7.dir/build.make CMakeFiles/cmTC_ea1d7.dir/build
make[1]: Entering directory '/home/rip-acer-vn7-591g-1/catkin_ws/build_cb/rosserial_server/CMakeFiles/CMakeTmp'
Building C object CMakeFiles/cmTC_ea1d7.dir/CheckSymbolExists.c.o
/usr/bin/cc     -o CMakeFiles/cmTC_ea1d7.dir/CheckSymbolExists.c.o   -c /home/rip-acer-vn7-591g-1/catkin_ws/build_cb/rosserial_server/CMakeFiles/CMakeTmp/CheckSymbolExists.c
Linking C executable cmTC_ea1d7
/usr/bin/cmake -E cmake_link_script CMakeFiles/cmTC_ea1d7.dir/link.txt --verbose=1
/usr/bin/cc       CMakeFiles/cmTC_ea1d7.dir/CheckSymbolExists.c.o  -o cmTC_ea1d7 -rdynamic 
CMakeFiles/cmTC_ea1d7.dir/CheckSymbolExists.c.o: In function `main':
CheckSymbolExists.c:(.text+0x16): undefined reference to `pthread_create'
collect2: error: ld returned 1 exit status
CMakeFiles/cmTC_ea1d7.dir/build.make:97: recipe for target 'cmTC_ea1d7' failed
make[1]: *** [cmTC_ea1d7] Error 1
make[1]: Leaving directory '/home/rip-acer-vn7-591g-1/catkin_ws/build_cb/rosserial_server/CMakeFiles/CMakeTmp'
Makefile:126: recipe for target 'cmTC_ea1d7/fast' failed
make: *** [cmTC_ea1d7/fast] Error 2

File /home/rip-acer-vn7-591g-1/catkin_ws/build_cb/rosserial_server/CMakeFiles/CMakeTmp/CheckSymbolExists.c:
/* */
#include <pthread.h>

int main(int argc, char** argv)
{
  (void)argv;
#ifndef pthread_create
  return ((int*)(&pthread_create))[argc];
#else
  (void)argc;
  return 0;
#endif
}

Determining if the function pthread_create exists in the pthreads failed with the following output:
Change Dir: /home/rip-acer-vn7-591g-1/catkin_ws/build_cb/rosserial_server/CMakeFiles/CMakeTmp

Run Build Command:"/usr/bin/make" "cmTC_1b2a7/fast"
/usr/bin/make -f CMakeFiles/cmTC_1b2a7.dir/build.make CMakeFiles/cmTC_1b2a7.dir/build
make[1]: Entering directory '/home/rip-acer-vn7-591g-1/catkin_ws/build_cb/rosserial_server/CMakeFiles/CMakeTmp'
Building C object CMakeFiles/cmTC_1b2a7.dir/CheckFunctionExists.c.o
/usr/bin/cc    -DCHECK_FUNCTION_EXISTS=pthread_create   -o CMakeFiles/cmTC_1b2a7.dir/CheckFunctionExists.c.o   -c /usr/share/cmake-3.5/Modules/CheckFunctionExists.c
Linking C executable cmTC_1b2a7
/usr/bin/cmake -E cmake_link_script CMakeFiles/cmTC_1b2a7.dir/link.txt --verbose=1
/usr/bin/cc   -DCHECK_FUNCTION_EXISTS=pthread_create    CMakeFiles/cmTC_1b2a7.dir/CheckFunctionExists.c.o  -o cmTC_1b2a7 -rdynamic -lpthreads 
/usr/bin/ld: cannot find -lpthreads
collect2: error: ld returned 1 exit status
CMakeFiles/cmTC_1b2a7.dir/build.make:97: recipe for target 'cmTC_1b2a7' failed
make[1]: *** [cmTC_1b2a7] Error 1
make[1]: Leaving directory '/home/rip-acer-vn7-591g-1/catkin_ws/build_cb/rosserial_server/CMakeFiles/CMakeTmp'
Makefile:126: recipe for target 'cmTC_1b2a7/fast' failed
make: *** [cmTC_1b2a7/fast] Error 2


