Determining if the pthread_create exist failed with the following output:
Change Dir: /home/rip-acer-vn7-591g-1/catkin_ws/build_cb/robot_localization/CMakeFiles/CMakeTmp

Run Build Command:"/usr/bin/make" "cmTC_6ff6e/fast"
/usr/bin/make -f CMakeFiles/cmTC_6ff6e.dir/build.make CMakeFiles/cmTC_6ff6e.dir/build
make[1]: Entering directory '/home/rip-acer-vn7-591g-1/catkin_ws/build_cb/robot_localization/CMakeFiles/CMakeTmp'
Building C object CMakeFiles/cmTC_6ff6e.dir/CheckSymbolExists.c.o
/usr/bin/cc     -o CMakeFiles/cmTC_6ff6e.dir/CheckSymbolExists.c.o   -c /home/rip-acer-vn7-591g-1/catkin_ws/build_cb/robot_localization/CMakeFiles/CMakeTmp/CheckSymbolExists.c
Linking C executable cmTC_6ff6e
/usr/bin/cmake -E cmake_link_script CMakeFiles/cmTC_6ff6e.dir/link.txt --verbose=1
/usr/bin/cc       CMakeFiles/cmTC_6ff6e.dir/CheckSymbolExists.c.o  -o cmTC_6ff6e -rdynamic 
CMakeFiles/cmTC_6ff6e.dir/CheckSymbolExists.c.o: In function `main':
CheckSymbolExists.c:(.text+0x16): undefined reference to `pthread_create'
collect2: error: ld returned 1 exit status
CMakeFiles/cmTC_6ff6e.dir/build.make:97: recipe for target 'cmTC_6ff6e' failed
make[1]: *** [cmTC_6ff6e] Error 1
make[1]: Leaving directory '/home/rip-acer-vn7-591g-1/catkin_ws/build_cb/robot_localization/CMakeFiles/CMakeTmp'
Makefile:126: recipe for target 'cmTC_6ff6e/fast' failed
make: *** [cmTC_6ff6e/fast] Error 2

File /home/rip-acer-vn7-591g-1/catkin_ws/build_cb/robot_localization/CMakeFiles/CMakeTmp/CheckSymbolExists.c:
/* */
#include <pthread.h>

int main(int argc, char** argv)
{
  (void)argv;
#ifndef pthread_create
  return ((int*)(&pthread_create))[argc];
#else
  (void)argc;
  return 0;
#endif
}

Determining if the function pthread_create exists in the pthreads failed with the following output:
Change Dir: /home/rip-acer-vn7-591g-1/catkin_ws/build_cb/robot_localization/CMakeFiles/CMakeTmp

Run Build Command:"/usr/bin/make" "cmTC_79f6f/fast"
/usr/bin/make -f CMakeFiles/cmTC_79f6f.dir/build.make CMakeFiles/cmTC_79f6f.dir/build
make[1]: Entering directory '/home/rip-acer-vn7-591g-1/catkin_ws/build_cb/robot_localization/CMakeFiles/CMakeTmp'
Building C object CMakeFiles/cmTC_79f6f.dir/CheckFunctionExists.c.o
/usr/bin/cc    -DCHECK_FUNCTION_EXISTS=pthread_create   -o CMakeFiles/cmTC_79f6f.dir/CheckFunctionExists.c.o   -c /usr/share/cmake-3.5/Modules/CheckFunctionExists.c
Linking C executable cmTC_79f6f
/usr/bin/cmake -E cmake_link_script CMakeFiles/cmTC_79f6f.dir/link.txt --verbose=1
/usr/bin/cc   -DCHECK_FUNCTION_EXISTS=pthread_create    CMakeFiles/cmTC_79f6f.dir/CheckFunctionExists.c.o  -o cmTC_79f6f -rdynamic -lpthreads 
/usr/bin/ld: cannot find -lpthreads
collect2: error: ld returned 1 exit status
CMakeFiles/cmTC_79f6f.dir/build.make:97: recipe for target 'cmTC_79f6f' failed
make[1]: *** [cmTC_79f6f] Error 1
make[1]: Leaving directory '/home/rip-acer-vn7-591g-1/catkin_ws/build_cb/robot_localization/CMakeFiles/CMakeTmp'
Makefile:126: recipe for target 'cmTC_79f6f/fast' failed
make: *** [cmTC_79f6f/fast] Error 2


