Linked: (/home/rip-acer-vn7-591g-1/catkin_ws/devel_cb/.private/rosserial_mbed/include/rosserial_mbed/Test.h, /home/rip-acer-vn7-591g-1/catkin_ws/devel_cb/include/rosserial_mbed/Test.h)
Linked: (/home/rip-acer-vn7-591g-1/catkin_ws/devel_cb/.private/rosserial_mbed/include/rosserial_mbed/TestResponse.h, /home/rip-acer-vn7-591g-1/catkin_ws/devel_cb/include/rosserial_mbed/TestResponse.h)
Linked: (/home/rip-acer-vn7-591g-1/catkin_ws/devel_cb/.private/rosserial_mbed/include/rosserial_mbed/Adc.h, /home/rip-acer-vn7-591g-1/catkin_ws/devel_cb/include/rosserial_mbed/Adc.h)
Linked: (/home/rip-acer-vn7-591g-1/catkin_ws/devel_cb/.private/rosserial_mbed/include/rosserial_mbed/TestRequest.h, /home/rip-acer-vn7-591g-1/catkin_ws/devel_cb/include/rosserial_mbed/TestRequest.h)
Linked: (/home/rip-acer-vn7-591g-1/catkin_ws/devel_cb/.private/rosserial_mbed/share/roseus/ros/rosserial_mbed/manifest.l, /home/rip-acer-vn7-591g-1/catkin_ws/devel_cb/share/roseus/ros/rosserial_mbed/manifest.l)
Linked: (/home/rip-acer-vn7-591g-1/catkin_ws/devel_cb/.private/rosserial_mbed/share/roseus/ros/rosserial_mbed/msg/Adc.l, /home/rip-acer-vn7-591g-1/catkin_ws/devel_cb/share/roseus/ros/rosserial_mbed/msg/Adc.l)
Linked: (/home/rip-acer-vn7-591g-1/catkin_ws/devel_cb/.private/rosserial_mbed/share/roseus/ros/rosserial_mbed/srv/Test.l, /home/rip-acer-vn7-591g-1/catkin_ws/devel_cb/share/roseus/ros/rosserial_mbed/srv/Test.l)
Linked: (/home/rip-acer-vn7-591g-1/catkin_ws/devel_cb/.private/rosserial_mbed/share/gennodejs/ros/rosserial_mbed/_index.js, /home/rip-acer-vn7-591g-1/catkin_ws/devel_cb/share/gennodejs/ros/rosserial_mbed/_index.js)
Linked: (/home/rip-acer-vn7-591g-1/catkin_ws/devel_cb/.private/rosserial_mbed/share/gennodejs/ros/rosserial_mbed/msg/_index.js, /home/rip-acer-vn7-591g-1/catkin_ws/devel_cb/share/gennodejs/ros/rosserial_mbed/msg/_index.js)
Linked: (/home/rip-acer-vn7-591g-1/catkin_ws/devel_cb/.private/rosserial_mbed/share/gennodejs/ros/rosserial_mbed/msg/Adc.js, /home/rip-acer-vn7-591g-1/catkin_ws/devel_cb/share/gennodejs/ros/rosserial_mbed/msg/Adc.js)
Linked: (/home/rip-acer-vn7-591g-1/catkin_ws/devel_cb/.private/rosserial_mbed/share/gennodejs/ros/rosserial_mbed/srv/_index.js, /home/rip-acer-vn7-591g-1/catkin_ws/devel_cb/share/gennodejs/ros/rosserial_mbed/srv/_index.js)
Linked: (/home/rip-acer-vn7-591g-1/catkin_ws/devel_cb/.private/rosserial_mbed/share/gennodejs/ros/rosserial_mbed/srv/Test.js, /home/rip-acer-vn7-591g-1/catkin_ws/devel_cb/share/gennodejs/ros/rosserial_mbed/srv/Test.js)
Linked: (/home/rip-acer-vn7-591g-1/catkin_ws/devel_cb/.private/rosserial_mbed/share/rosserial_mbed/cmake/rosserial_mbed-msg-paths.cmake, /home/rip-acer-vn7-591g-1/catkin_ws/devel_cb/share/rosserial_mbed/cmake/rosserial_mbed-msg-paths.cmake)
Linked: (/home/rip-acer-vn7-591g-1/catkin_ws/devel_cb/.private/rosserial_mbed/share/rosserial_mbed/cmake/rosserial_mbedConfig.cmake, /home/rip-acer-vn7-591g-1/catkin_ws/devel_cb/share/rosserial_mbed/cmake/rosserial_mbedConfig.cmake)
Linked: (/home/rip-acer-vn7-591g-1/catkin_ws/devel_cb/.private/rosserial_mbed/share/rosserial_mbed/cmake/rosserial_mbedConfig-version.cmake, /home/rip-acer-vn7-591g-1/catkin_ws/devel_cb/share/rosserial_mbed/cmake/rosserial_mbedConfig-version.cmake)
Linked: (/home/rip-acer-vn7-591g-1/catkin_ws/devel_cb/.private/rosserial_mbed/share/rosserial_mbed/cmake/rosserial_mbed-msg-extras.cmake, /home/rip-acer-vn7-591g-1/catkin_ws/devel_cb/share/rosserial_mbed/cmake/rosserial_mbed-msg-extras.cmake)
Linked: (/home/rip-acer-vn7-591g-1/catkin_ws/devel_cb/.private/rosserial_mbed/share/common-lisp/ros/rosserial_mbed/msg/rosserial_mbed-msg.asd, /home/rip-acer-vn7-591g-1/catkin_ws/devel_cb/share/common-lisp/ros/rosserial_mbed/msg/rosserial_mbed-msg.asd)
Linked: (/home/rip-acer-vn7-591g-1/catkin_ws/devel_cb/.private/rosserial_mbed/share/common-lisp/ros/rosserial_mbed/msg/_package_Adc.lisp, /home/rip-acer-vn7-591g-1/catkin_ws/devel_cb/share/common-lisp/ros/rosserial_mbed/msg/_package_Adc.lisp)
Linked: (/home/rip-acer-vn7-591g-1/catkin_ws/devel_cb/.private/rosserial_mbed/share/common-lisp/ros/rosserial_mbed/msg/_package.lisp, /home/rip-acer-vn7-591g-1/catkin_ws/devel_cb/share/common-lisp/ros/rosserial_mbed/msg/_package.lisp)
Linked: (/home/rip-acer-vn7-591g-1/catkin_ws/devel_cb/.private/rosserial_mbed/share/common-lisp/ros/rosserial_mbed/msg/Adc.lisp, /home/rip-acer-vn7-591g-1/catkin_ws/devel_cb/share/common-lisp/ros/rosserial_mbed/msg/Adc.lisp)
Linked: (/home/rip-acer-vn7-591g-1/catkin_ws/devel_cb/.private/rosserial_mbed/share/common-lisp/ros/rosserial_mbed/srv/Test.lisp, /home/rip-acer-vn7-591g-1/catkin_ws/devel_cb/share/common-lisp/ros/rosserial_mbed/srv/Test.lisp)
Linked: (/home/rip-acer-vn7-591g-1/catkin_ws/devel_cb/.private/rosserial_mbed/share/common-lisp/ros/rosserial_mbed/srv/_package.lisp, /home/rip-acer-vn7-591g-1/catkin_ws/devel_cb/share/common-lisp/ros/rosserial_mbed/srv/_package.lisp)
Linked: (/home/rip-acer-vn7-591g-1/catkin_ws/devel_cb/.private/rosserial_mbed/share/common-lisp/ros/rosserial_mbed/srv/_package_Test.lisp, /home/rip-acer-vn7-591g-1/catkin_ws/devel_cb/share/common-lisp/ros/rosserial_mbed/srv/_package_Test.lisp)
Linked: (/home/rip-acer-vn7-591g-1/catkin_ws/devel_cb/.private/rosserial_mbed/share/common-lisp/ros/rosserial_mbed/srv/rosserial_mbed-srv.asd, /home/rip-acer-vn7-591g-1/catkin_ws/devel_cb/share/common-lisp/ros/rosserial_mbed/srv/rosserial_mbed-srv.asd)
Linked: (/home/rip-acer-vn7-591g-1/catkin_ws/devel_cb/.private/rosserial_mbed/lib/python2.7/dist-packages/rosserial_mbed/__init__.py, /home/rip-acer-vn7-591g-1/catkin_ws/devel_cb/lib/python2.7/dist-packages/rosserial_mbed/__init__.py)
Linked: (/home/rip-acer-vn7-591g-1/catkin_ws/devel_cb/.private/rosserial_mbed/lib/python2.7/dist-packages/rosserial_mbed/msg/__init__.py, /home/rip-acer-vn7-591g-1/catkin_ws/devel_cb/lib/python2.7/dist-packages/rosserial_mbed/msg/__init__.py)
Linked: (/home/rip-acer-vn7-591g-1/catkin_ws/devel_cb/.private/rosserial_mbed/lib/python2.7/dist-packages/rosserial_mbed/msg/_Adc.py, /home/rip-acer-vn7-591g-1/catkin_ws/devel_cb/lib/python2.7/dist-packages/rosserial_mbed/msg/_Adc.py)
Linked: (/home/rip-acer-vn7-591g-1/catkin_ws/devel_cb/.private/rosserial_mbed/lib/python2.7/dist-packages/rosserial_mbed/srv/__init__.py, /home/rip-acer-vn7-591g-1/catkin_ws/devel_cb/lib/python2.7/dist-packages/rosserial_mbed/srv/__init__.py)
Linked: (/home/rip-acer-vn7-591g-1/catkin_ws/devel_cb/.private/rosserial_mbed/lib/python2.7/dist-packages/rosserial_mbed/srv/_Test.py, /home/rip-acer-vn7-591g-1/catkin_ws/devel_cb/lib/python2.7/dist-packages/rosserial_mbed/srv/_Test.py)
Linked: (/home/rip-acer-vn7-591g-1/catkin_ws/devel_cb/.private/rosserial_mbed/lib/pkgconfig/rosserial_mbed.pc, /home/rip-acer-vn7-591g-1/catkin_ws/devel_cb/lib/pkgconfig/rosserial_mbed.pc)
