Determining if the pthread_create exist failed with the following output:
Change Dir: /home/rip-acer-vn7-591g-1/catkin_ws/build_cb/razor_imu_9dof/CMakeFiles/CMakeTmp

Run Build Command:"/usr/bin/make" "cmTC_6c61a/fast"
/usr/bin/make -f CMakeFiles/cmTC_6c61a.dir/build.make CMakeFiles/cmTC_6c61a.dir/build
make[1]: Entering directory '/home/rip-acer-vn7-591g-1/catkin_ws/build_cb/razor_imu_9dof/CMakeFiles/CMakeTmp'
Building C object CMakeFiles/cmTC_6c61a.dir/CheckSymbolExists.c.o
/usr/bin/cc     -o CMakeFiles/cmTC_6c61a.dir/CheckSymbolExists.c.o   -c /home/rip-acer-vn7-591g-1/catkin_ws/build_cb/razor_imu_9dof/CMakeFiles/CMakeTmp/CheckSymbolExists.c
Linking C executable cmTC_6c61a
/usr/bin/cmake -E cmake_link_script CMakeFiles/cmTC_6c61a.dir/link.txt --verbose=1
/usr/bin/cc       CMakeFiles/cmTC_6c61a.dir/CheckSymbolExists.c.o  -o cmTC_6c61a -rdynamic 
CMakeFiles/cmTC_6c61a.dir/CheckSymbolExists.c.o: In function `main':
CheckSymbolExists.c:(.text+0x16): undefined reference to `pthread_create'
collect2: error: ld returned 1 exit status
CMakeFiles/cmTC_6c61a.dir/build.make:97: recipe for target 'cmTC_6c61a' failed
make[1]: *** [cmTC_6c61a] Error 1
make[1]: Leaving directory '/home/rip-acer-vn7-591g-1/catkin_ws/build_cb/razor_imu_9dof/CMakeFiles/CMakeTmp'
Makefile:126: recipe for target 'cmTC_6c61a/fast' failed
make: *** [cmTC_6c61a/fast] Error 2

File /home/rip-acer-vn7-591g-1/catkin_ws/build_cb/razor_imu_9dof/CMakeFiles/CMakeTmp/CheckSymbolExists.c:
/* */
#include <pthread.h>

int main(int argc, char** argv)
{
  (void)argv;
#ifndef pthread_create
  return ((int*)(&pthread_create))[argc];
#else
  (void)argc;
  return 0;
#endif
}

Determining if the function pthread_create exists in the pthreads failed with the following output:
Change Dir: /home/rip-acer-vn7-591g-1/catkin_ws/build_cb/razor_imu_9dof/CMakeFiles/CMakeTmp

Run Build Command:"/usr/bin/make" "cmTC_ec4ab/fast"
/usr/bin/make -f CMakeFiles/cmTC_ec4ab.dir/build.make CMakeFiles/cmTC_ec4ab.dir/build
make[1]: Entering directory '/home/rip-acer-vn7-591g-1/catkin_ws/build_cb/razor_imu_9dof/CMakeFiles/CMakeTmp'
Building C object CMakeFiles/cmTC_ec4ab.dir/CheckFunctionExists.c.o
/usr/bin/cc    -DCHECK_FUNCTION_EXISTS=pthread_create   -o CMakeFiles/cmTC_ec4ab.dir/CheckFunctionExists.c.o   -c /usr/share/cmake-3.5/Modules/CheckFunctionExists.c
Linking C executable cmTC_ec4ab
/usr/bin/cmake -E cmake_link_script CMakeFiles/cmTC_ec4ab.dir/link.txt --verbose=1
/usr/bin/cc   -DCHECK_FUNCTION_EXISTS=pthread_create    CMakeFiles/cmTC_ec4ab.dir/CheckFunctionExists.c.o  -o cmTC_ec4ab -rdynamic -lpthreads 
/usr/bin/ld: cannot find -lpthreads
collect2: error: ld returned 1 exit status
CMakeFiles/cmTC_ec4ab.dir/build.make:97: recipe for target 'cmTC_ec4ab' failed
make[1]: *** [cmTC_ec4ab] Error 1
make[1]: Leaving directory '/home/rip-acer-vn7-591g-1/catkin_ws/build_cb/razor_imu_9dof/CMakeFiles/CMakeTmp'
Makefile:126: recipe for target 'cmTC_ec4ab/fast' failed
make: *** [cmTC_ec4ab/fast] Error 2


