Determining if the pthread_create exist failed with the following output:
Change Dir: /home/rip-acer-vn7-591g-1/catkin_ws/build_cb/rosserial_mbed/CMakeFiles/CMakeTmp

Run Build Command:"/usr/bin/make" "cmTC_7ebde/fast"
/usr/bin/make -f CMakeFiles/cmTC_7ebde.dir/build.make CMakeFiles/cmTC_7ebde.dir/build
make[1]: Entering directory '/home/rip-acer-vn7-591g-1/catkin_ws/build_cb/rosserial_mbed/CMakeFiles/CMakeTmp'
Building C object CMakeFiles/cmTC_7ebde.dir/CheckSymbolExists.c.o
/usr/bin/cc     -o CMakeFiles/cmTC_7ebde.dir/CheckSymbolExists.c.o   -c /home/rip-acer-vn7-591g-1/catkin_ws/build_cb/rosserial_mbed/CMakeFiles/CMakeTmp/CheckSymbolExists.c
Linking C executable cmTC_7ebde
/usr/bin/cmake -E cmake_link_script CMakeFiles/cmTC_7ebde.dir/link.txt --verbose=1
/usr/bin/cc       CMakeFiles/cmTC_7ebde.dir/CheckSymbolExists.c.o  -o cmTC_7ebde -rdynamic 
CMakeFiles/cmTC_7ebde.dir/CheckSymbolExists.c.o: In function `main':
CheckSymbolExists.c:(.text+0x16): undefined reference to `pthread_create'
collect2: error: ld returned 1 exit status
CMakeFiles/cmTC_7ebde.dir/build.make:97: recipe for target 'cmTC_7ebde' failed
make[1]: *** [cmTC_7ebde] Error 1
make[1]: Leaving directory '/home/rip-acer-vn7-591g-1/catkin_ws/build_cb/rosserial_mbed/CMakeFiles/CMakeTmp'
Makefile:126: recipe for target 'cmTC_7ebde/fast' failed
make: *** [cmTC_7ebde/fast] Error 2

File /home/rip-acer-vn7-591g-1/catkin_ws/build_cb/rosserial_mbed/CMakeFiles/CMakeTmp/CheckSymbolExists.c:
/* */
#include <pthread.h>

int main(int argc, char** argv)
{
  (void)argv;
#ifndef pthread_create
  return ((int*)(&pthread_create))[argc];
#else
  (void)argc;
  return 0;
#endif
}

Determining if the function pthread_create exists in the pthreads failed with the following output:
Change Dir: /home/rip-acer-vn7-591g-1/catkin_ws/build_cb/rosserial_mbed/CMakeFiles/CMakeTmp

Run Build Command:"/usr/bin/make" "cmTC_4768e/fast"
/usr/bin/make -f CMakeFiles/cmTC_4768e.dir/build.make CMakeFiles/cmTC_4768e.dir/build
make[1]: Entering directory '/home/rip-acer-vn7-591g-1/catkin_ws/build_cb/rosserial_mbed/CMakeFiles/CMakeTmp'
Building C object CMakeFiles/cmTC_4768e.dir/CheckFunctionExists.c.o
/usr/bin/cc    -DCHECK_FUNCTION_EXISTS=pthread_create   -o CMakeFiles/cmTC_4768e.dir/CheckFunctionExists.c.o   -c /usr/share/cmake-3.5/Modules/CheckFunctionExists.c
Linking C executable cmTC_4768e
/usr/bin/cmake -E cmake_link_script CMakeFiles/cmTC_4768e.dir/link.txt --verbose=1
/usr/bin/cc   -DCHECK_FUNCTION_EXISTS=pthread_create    CMakeFiles/cmTC_4768e.dir/CheckFunctionExists.c.o  -o cmTC_4768e -rdynamic -lpthreads 
/usr/bin/ld: cannot find -lpthreads
collect2: error: ld returned 1 exit status
CMakeFiles/cmTC_4768e.dir/build.make:97: recipe for target 'cmTC_4768e' failed
make[1]: *** [cmTC_4768e] Error 1
make[1]: Leaving directory '/home/rip-acer-vn7-591g-1/catkin_ws/build_cb/rosserial_mbed/CMakeFiles/CMakeTmp'
Makefile:126: recipe for target 'cmTC_4768e/fast' failed
make: *** [cmTC_4768e/fast] Error 2


