[35m[1mScanning dependencies of target test_ros_robot_localization_listener_publisher[0m
[35m[1mScanning dependencies of target ros_filter_utilities[0m
[35m[1mScanning dependencies of target filter_utilities[0m
[  2%] [32mBuilding CXX object CMakeFiles/test_ros_robot_localization_listener_publisher.dir/test/test_ros_robot_localization_listener_publisher.cpp.o[0m
[  4%] [32mBuilding CXX object CMakeFiles/filter_utilities.dir/src/filter_utilities.cpp.o[0m
[  6%] [32mBuilding CXX object CMakeFiles/ros_filter_utilities.dir/src/ros_filter_utilities.cpp.o[0m
[  8%] [32m[1mLinking CXX shared library /home/rip-acer-vn7-591g-1/catkin_ws/devel_cb/.private/robot_localization/lib/libfilter_utilities.so[0m
[  8%] Built target filter_utilities
[35m[1mScanning dependencies of target _robot_localization_generate_messages_check_deps_GetState[0m
[  8%] Built target _robot_localization_generate_messages_check_deps_GetState
[35m[1mScanning dependencies of target geometry_msgs_generate_messages_cpp[0m
[  8%] Built target geometry_msgs_generate_messages_cpp
[35m[1mScanning dependencies of target _robot_localization_generate_messages_check_deps_SetDatum[0m
[  8%] Built target _robot_localization_generate_messages_check_deps_SetDatum
[35m[1mScanning dependencies of target geographic_msgs_generate_messages_cpp[0m
[35m[1mScanning dependencies of target _robot_localization_generate_messages_check_deps_SetPose[0m
[  8%] Built target geographic_msgs_generate_messages_cpp
[35m[1mScanning dependencies of target std_msgs_generate_messages_cpp[0m
[  8%] Built target std_msgs_generate_messages_cpp
[35m[1mScanning dependencies of target geographic_msgs_generate_messages_py[0m
[  8%] Built target _robot_localization_generate_messages_check_deps_SetPose
[35m[1mScanning dependencies of target std_msgs_generate_messages_py[0m
[  8%] Built target geographic_msgs_generate_messages_py
[  8%] Built target std_msgs_generate_messages_py
[35m[1mScanning dependencies of target geometry_msgs_generate_messages_py[0m
[35m[1mScanning dependencies of target geographic_msgs_generate_messages_eus[0m
[  8%] Built target geometry_msgs_generate_messages_py
[  8%] Built target geographic_msgs_generate_messages_eus
[35m[1mScanning dependencies of target geometry_msgs_generate_messages_eus[0m
[35m[1mScanning dependencies of target std_msgs_generate_messages_eus[0m
[  8%] Built target geometry_msgs_generate_messages_eus
[  8%] Built target std_msgs_generate_messages_eus
[35m[1mScanning dependencies of target std_msgs_generate_messages_lisp[0m
[  8%] Built target std_msgs_generate_messages_lisp
[35m[1mScanning dependencies of target geographic_msgs_generate_messages_lisp[0m
[35m[1mScanning dependencies of target geometry_msgs_generate_messages_lisp[0m
[  8%] Built target geographic_msgs_generate_messages_lisp
[  8%] Built target geometry_msgs_generate_messages_lisp
[35m[1mScanning dependencies of target std_msgs_generate_messages_nodejs[0m
[35m[1mScanning dependencies of target geographic_msgs_generate_messages_nodejs[0m
[  8%] Built target std_msgs_generate_messages_nodejs
[  8%] Built target geographic_msgs_generate_messages_nodejs
[35m[1mScanning dependencies of target geometry_msgs_generate_messages_nodejs[0m
[35m[1mScanning dependencies of target robot_localization_generate_messages_cpp[0m
[  8%] Built target geometry_msgs_generate_messages_nodejs
[35m[1mScanning dependencies of target robot_localization_generate_messages_py[0m
[ 15%] Built target robot_localization_generate_messages_cpp
[ 24%] Built target robot_localization_generate_messages_py
[35m[1mScanning dependencies of target robot_localization_generate_messages_eus[0m
[35m[1mScanning dependencies of target robot_localization_generate_messages_lisp[0m
[ 33%] Built target robot_localization_generate_messages_eus
[ 40%] Built target robot_localization_generate_messages_lisp
[35m[1mScanning dependencies of target robot_localization_generate_messages_nodejs[0m
[35m[1mScanning dependencies of target robot_localization_gencpp[0m
[ 46%] Built target robot_localization_generate_messages_nodejs
[ 46%] Built target robot_localization_gencpp
[35m[1mScanning dependencies of target robot_localization_generate_messages[0m
[ 46%] Built target robot_localization_generate_messages
[35m[1mScanning dependencies of target filter_base[0m
[ 48%] [32mBuilding CXX object CMakeFiles/filter_base.dir/src/filter_base.cpp.o[0m
[ 51%] [32m[1mLinking CXX executable /home/rip-acer-vn7-591g-1/catkin_ws/devel_cb/.private/robot_localization/lib/robot_localization/test_ros_robot_localization_listener_publisher[0m
[ 51%] Built target test_ros_robot_localization_listener_publisher
[ 53%] [32m[1mLinking CXX shared library /home/rip-acer-vn7-591g-1/catkin_ws/devel_cb/.private/robot_localization/lib/libfilter_base.so[0m
[ 53%] Built target filter_base
[35m[1mScanning dependencies of target ekf[0m
[ 55%] [32mBuilding CXX object CMakeFiles/ekf.dir/src/ekf.cpp.o[0m
[ 57%] [32m[1mLinking CXX shared library /home/rip-acer-vn7-591g-1/catkin_ws/devel_cb/.private/robot_localization/lib/libros_filter_utilities.so[0m
[ 57%] Built target ros_filter_utilities
[35m[1mScanning dependencies of target ukf[0m
[ 60%] [32mBuilding CXX object CMakeFiles/ukf.dir/src/ukf.cpp.o[0m
[35m[1mScanning dependencies of target navsat_transform[0m
[ 62%] [32mBuilding CXX object CMakeFiles/navsat_transform.dir/src/navsat_transform.cpp.o[0m
[ 64%] [32m[1mLinking CXX shared library /home/rip-acer-vn7-591g-1/catkin_ws/devel_cb/.private/robot_localization/lib/libekf.so[0m
[ 64%] Built target ekf
[ 66%] [32m[1mLinking CXX shared library /home/rip-acer-vn7-591g-1/catkin_ws/devel_cb/.private/robot_localization/lib/libukf.so[0m
[ 66%] Built target ukf
[35m[1mScanning dependencies of target robot_localization_estimator[0m
[35m[1mScanning dependencies of target ros_filter[0m
[ 68%] [32mBuilding CXX object CMakeFiles/robot_localization_estimator.dir/src/robot_localization_estimator.cpp.o[0m
[ 71%] [32mBuilding CXX object CMakeFiles/ros_filter.dir/src/ros_filter.cpp.o[0m
[ 73%] [32m[1mLinking CXX shared library /home/rip-acer-vn7-591g-1/catkin_ws/devel_cb/.private/robot_localization/lib/librobot_localization_estimator.so[0m
[ 73%] Built target robot_localization_estimator
[35m[1mScanning dependencies of target ros_robot_localization_listener[0m
[ 75%] [32mBuilding CXX object CMakeFiles/ros_robot_localization_listener.dir/src/ros_robot_localization_listener.cpp.o[0m
[ 77%] [32m[1mLinking CXX shared library /home/rip-acer-vn7-591g-1/catkin_ws/devel_cb/.private/robot_localization/lib/libnavsat_transform.so[0m
[ 77%] Built target navsat_transform
[35m[1mScanning dependencies of target navsat_transform_node[0m
[ 80%] [32mBuilding CXX object CMakeFiles/navsat_transform_node.dir/src/navsat_transform_node.cpp.o[0m
[ 82%] [32m[1mLinking CXX executable /home/rip-acer-vn7-591g-1/catkin_ws/devel_cb/.private/robot_localization/lib/robot_localization/navsat_transform_node[0m
[ 82%] Built target navsat_transform_node
[ 84%] [32m[1mLinking CXX shared library /home/rip-acer-vn7-591g-1/catkin_ws/devel_cb/.private/robot_localization/lib/libros_filter.so[0m
[ 84%] Built target ros_filter
[35m[1mScanning dependencies of target ukf_localization_node[0m
[35m[1mScanning dependencies of target ekf_localization_node[0m
[ 86%] [32mBuilding CXX object CMakeFiles/ukf_localization_node.dir/src/ukf_localization_node.cpp.o[0m
[ 88%] [32mBuilding CXX object CMakeFiles/ekf_localization_node.dir/src/ekf_localization_node.cpp.o[0m
[ 91%] [32m[1mLinking CXX shared library /home/rip-acer-vn7-591g-1/catkin_ws/devel_cb/.private/robot_localization/lib/libros_robot_localization_listener.so[0m
[ 91%] Built target ros_robot_localization_listener
[35m[1mScanning dependencies of target robot_localization_listener_node[0m
[ 93%] [32mBuilding CXX object CMakeFiles/robot_localization_listener_node.dir/src/robot_localization_listener_node.cpp.o[0m
[ 95%] [32m[1mLinking CXX executable /home/rip-acer-vn7-591g-1/catkin_ws/devel_cb/.private/robot_localization/lib/robot_localization/ekf_localization_node[0m
[ 97%] [32m[1mLinking CXX executable /home/rip-acer-vn7-591g-1/catkin_ws/devel_cb/.private/robot_localization/lib/robot_localization/ukf_localization_node[0m
[ 97%] Built target ekf_localization_node
[ 97%] Built target ukf_localization_node
[100%] [32m[1mLinking CXX executable /home/rip-acer-vn7-591g-1/catkin_ws/devel_cb/.private/robot_localization/lib/robot_localization/robot_localization_listener_node[0m
[100%] Built target robot_localization_listener_node
