Symlinking /home/rip-acer-vn7-591g-1/catkin_ws/devel_cb/include/robot_localization/SetDatum.h
Symlinking /home/rip-acer-vn7-591g-1/catkin_ws/devel_cb/include/robot_localization/GetState.h
Symlinking /home/rip-acer-vn7-591g-1/catkin_ws/devel_cb/include/robot_localization/SetPoseRequest.h
Symlinking /home/rip-acer-vn7-591g-1/catkin_ws/devel_cb/include/robot_localization/SetPose.h
Symlinking /home/rip-acer-vn7-591g-1/catkin_ws/devel_cb/include/robot_localization/SetDatumRequest.h
Symlinking /home/rip-acer-vn7-591g-1/catkin_ws/devel_cb/include/robot_localization/GetStateRequest.h
Symlinking /home/rip-acer-vn7-591g-1/catkin_ws/devel_cb/include/robot_localization/GetStateResponse.h
Symlinking /home/rip-acer-vn7-591g-1/catkin_ws/devel_cb/include/robot_localization/SetDatumResponse.h
Symlinking /home/rip-acer-vn7-591g-1/catkin_ws/devel_cb/include/robot_localization/SetPoseResponse.h
Symlinking /home/rip-acer-vn7-591g-1/catkin_ws/devel_cb/share/roseus/ros/robot_localization/manifest.l
Symlinking /home/rip-acer-vn7-591g-1/catkin_ws/devel_cb/share/roseus/ros/robot_localization/srv/SetPose.l
Symlinking /home/rip-acer-vn7-591g-1/catkin_ws/devel_cb/share/roseus/ros/robot_localization/srv/SetDatum.l
Symlinking /home/rip-acer-vn7-591g-1/catkin_ws/devel_cb/share/roseus/ros/robot_localization/srv/GetState.l
Symlinking /home/rip-acer-vn7-591g-1/catkin_ws/devel_cb/share/gennodejs/ros/robot_localization/_index.js
Symlinking /home/rip-acer-vn7-591g-1/catkin_ws/devel_cb/share/gennodejs/ros/robot_localization/srv/GetState.js
Symlinking /home/rip-acer-vn7-591g-1/catkin_ws/devel_cb/share/gennodejs/ros/robot_localization/srv/_index.js
Symlinking /home/rip-acer-vn7-591g-1/catkin_ws/devel_cb/share/gennodejs/ros/robot_localization/srv/SetPose.js
Symlinking /home/rip-acer-vn7-591g-1/catkin_ws/devel_cb/share/gennodejs/ros/robot_localization/srv/SetDatum.js
Symlinking /home/rip-acer-vn7-591g-1/catkin_ws/devel_cb/share/common-lisp/ros/robot_localization/srv/_package.lisp
Symlinking /home/rip-acer-vn7-591g-1/catkin_ws/devel_cb/share/common-lisp/ros/robot_localization/srv/SetDatum.lisp
Symlinking /home/rip-acer-vn7-591g-1/catkin_ws/devel_cb/share/common-lisp/ros/robot_localization/srv/SetPose.lisp
Symlinking /home/rip-acer-vn7-591g-1/catkin_ws/devel_cb/share/common-lisp/ros/robot_localization/srv/robot_localization-srv.asd
Symlinking /home/rip-acer-vn7-591g-1/catkin_ws/devel_cb/share/common-lisp/ros/robot_localization/srv/_package_SetPose.lisp
Symlinking /home/rip-acer-vn7-591g-1/catkin_ws/devel_cb/share/common-lisp/ros/robot_localization/srv/_package_SetDatum.lisp
Symlinking /home/rip-acer-vn7-591g-1/catkin_ws/devel_cb/share/common-lisp/ros/robot_localization/srv/GetState.lisp
Symlinking /home/rip-acer-vn7-591g-1/catkin_ws/devel_cb/share/common-lisp/ros/robot_localization/srv/_package_GetState.lisp
Symlinking /home/rip-acer-vn7-591g-1/catkin_ws/devel_cb/share/robot_localization/cmake/robot_localizationConfig.cmake
Symlinking /home/rip-acer-vn7-591g-1/catkin_ws/devel_cb/share/robot_localization/cmake/robot_localization-msg-paths.cmake
Symlinking /home/rip-acer-vn7-591g-1/catkin_ws/devel_cb/share/robot_localization/cmake/robot_localization-msg-extras.cmake
Symlinking /home/rip-acer-vn7-591g-1/catkin_ws/devel_cb/share/robot_localization/cmake/robot_localizationConfig-version.cmake
Symlinking /home/rip-acer-vn7-591g-1/catkin_ws/devel_cb/lib/libukf.so
Symlinking /home/rip-acer-vn7-591g-1/catkin_ws/devel_cb/lib/libfilter_base.so
Symlinking /home/rip-acer-vn7-591g-1/catkin_ws/devel_cb/lib/libros_robot_localization_listener.so
Symlinking /home/rip-acer-vn7-591g-1/catkin_ws/devel_cb/lib/libfilter_utilities.so
Symlinking /home/rip-acer-vn7-591g-1/catkin_ws/devel_cb/lib/libros_filter_utilities.so
Symlinking /home/rip-acer-vn7-591g-1/catkin_ws/devel_cb/lib/librobot_localization_estimator.so
Symlinking /home/rip-acer-vn7-591g-1/catkin_ws/devel_cb/lib/libekf.so
Symlinking /home/rip-acer-vn7-591g-1/catkin_ws/devel_cb/lib/libros_filter.so
Symlinking /home/rip-acer-vn7-591g-1/catkin_ws/devel_cb/lib/libnavsat_transform.so
Symlinking /home/rip-acer-vn7-591g-1/catkin_ws/devel_cb/lib/python2.7/dist-packages/robot_localization/__init__.py
Symlinking /home/rip-acer-vn7-591g-1/catkin_ws/devel_cb/lib/python2.7/dist-packages/robot_localization/srv/__init__.py
Symlinking /home/rip-acer-vn7-591g-1/catkin_ws/devel_cb/lib/python2.7/dist-packages/robot_localization/srv/_SetPose.py
Symlinking /home/rip-acer-vn7-591g-1/catkin_ws/devel_cb/lib/python2.7/dist-packages/robot_localization/srv/_GetState.py
Symlinking /home/rip-acer-vn7-591g-1/catkin_ws/devel_cb/lib/python2.7/dist-packages/robot_localization/srv/_SetDatum.py
Symlinking /home/rip-acer-vn7-591g-1/catkin_ws/devel_cb/lib/robot_localization/ukf_localization_node
Symlinking /home/rip-acer-vn7-591g-1/catkin_ws/devel_cb/lib/robot_localization/robot_localization_listener_node
Symlinking /home/rip-acer-vn7-591g-1/catkin_ws/devel_cb/lib/robot_localization/navsat_transform_node
Symlinking /home/rip-acer-vn7-591g-1/catkin_ws/devel_cb/lib/robot_localization/test_ros_robot_localization_listener_publisher
Symlinking /home/rip-acer-vn7-591g-1/catkin_ws/devel_cb/lib/robot_localization/ekf_localization_node
Symlinking /home/rip-acer-vn7-591g-1/catkin_ws/devel_cb/lib/pkgconfig/robot_localization.pc
