[  0%] Built target geometry_msgs_generate_messages_cpp
[  4%] Built target test_ros_robot_localization_listener_publisher
[  8%] Built target filter_utilities
[ 13%] Built target ros_filter_utilities
[ 13%] Built target geographic_msgs_generate_messages_cpp
[ 13%] Built target _robot_localization_generate_messages_check_deps_SetDatum
[ 13%] Built target std_msgs_generate_messages_cpp
[ 13%] Built target _robot_localization_generate_messages_check_deps_GetState
[ 13%] Built target geographic_msgs_generate_messages_py
[ 13%] Built target std_msgs_generate_messages_py
[ 13%] Built target geometry_msgs_generate_messages_py
[ 13%] Built target geographic_msgs_generate_messages_eus
[ 13%] Built target geometry_msgs_generate_messages_eus
[ 13%] Built target std_msgs_generate_messages_eus
[ 13%] Built target _robot_localization_generate_messages_check_deps_SetPose
[ 13%] Built target std_msgs_generate_messages_lisp
[ 13%] Built target geographic_msgs_generate_messages_lisp
[ 13%] Built target geometry_msgs_generate_messages_lisp
[ 13%] Built target geographic_msgs_generate_messages_nodejs
[ 13%] Built target std_msgs_generate_messages_nodejs
[ 13%] Built target geometry_msgs_generate_messages_nodejs
[ 20%] Built target robot_localization_generate_messages_cpp
[ 28%] Built target robot_localization_generate_messages_py
[ 37%] Built target robot_localization_generate_messages_eus
[ 44%] Built target robot_localization_generate_messages_lisp
[ 51%] Built target robot_localization_generate_messages_nodejs
[ 51%] Built target robot_localization_gencpp
[ 51%] Built target robot_localization_generate_messages
[ 55%] Built target filter_base
[ 60%] Built target navsat_transform
[ 68%] Built target ukf
[ 68%] Built target ekf
[ 73%] Built target navsat_transform_node
[ 77%] Built target robot_localization_estimator
[ 82%] Built target ros_filter
[ 86%] Built target ros_robot_localization_listener
[ 91%] Built target ekf_localization_node
[ 95%] Built target ukf_localization_node
[100%] Built target robot_localization_listener_node
