Determining if the pthread_create exist failed with the following output:
Change Dir: /home/rip-acer-vn7-591g-1/catkin_ws/build_cmi/rosserial_tivac/CMakeFiles/CMakeTmp

Run Build Command:"/usr/bin/make" "cmTC_641a9/fast"
/usr/bin/make -f CMakeFiles/cmTC_641a9.dir/build.make CMakeFiles/cmTC_641a9.dir/build
make[1]: Entering directory '/home/rip-acer-vn7-591g-1/catkin_ws/build_cmi/rosserial_tivac/CMakeFiles/CMakeTmp'
Building C object CMakeFiles/cmTC_641a9.dir/CheckSymbolExists.c.o
/usr/bin/cc     -o CMakeFiles/cmTC_641a9.dir/CheckSymbolExists.c.o   -c /home/rip-acer-vn7-591g-1/catkin_ws/build_cmi/rosserial_tivac/CMakeFiles/CMakeTmp/CheckSymbolExists.c
Linking C executable cmTC_641a9
/usr/bin/cmake -E cmake_link_script CMakeFiles/cmTC_641a9.dir/link.txt --verbose=1
/usr/bin/cc       CMakeFiles/cmTC_641a9.dir/CheckSymbolExists.c.o  -o cmTC_641a9 -rdynamic 
CMakeFiles/cmTC_641a9.dir/CheckSymbolExists.c.o: In function `main':
CheckSymbolExists.c:(.text+0x16): undefined reference to `pthread_create'
collect2: error: ld returned 1 exit status
CMakeFiles/cmTC_641a9.dir/build.make:97: recipe for target 'cmTC_641a9' failed
make[1]: *** [cmTC_641a9] Error 1
make[1]: Leaving directory '/home/rip-acer-vn7-591g-1/catkin_ws/build_cmi/rosserial_tivac/CMakeFiles/CMakeTmp'
Makefile:126: recipe for target 'cmTC_641a9/fast' failed
make: *** [cmTC_641a9/fast] Error 2

File /home/rip-acer-vn7-591g-1/catkin_ws/build_cmi/rosserial_tivac/CMakeFiles/CMakeTmp/CheckSymbolExists.c:
/* */
#include <pthread.h>

int main(int argc, char** argv)
{
  (void)argv;
#ifndef pthread_create
  return ((int*)(&pthread_create))[argc];
#else
  (void)argc;
  return 0;
#endif
}

Determining if the function pthread_create exists in the pthreads failed with the following output:
Change Dir: /home/rip-acer-vn7-591g-1/catkin_ws/build_cmi/rosserial_tivac/CMakeFiles/CMakeTmp

Run Build Command:"/usr/bin/make" "cmTC_b9d87/fast"
/usr/bin/make -f CMakeFiles/cmTC_b9d87.dir/build.make CMakeFiles/cmTC_b9d87.dir/build
make[1]: Entering directory '/home/rip-acer-vn7-591g-1/catkin_ws/build_cmi/rosserial_tivac/CMakeFiles/CMakeTmp'
Building C object CMakeFiles/cmTC_b9d87.dir/CheckFunctionExists.c.o
/usr/bin/cc    -DCHECK_FUNCTION_EXISTS=pthread_create   -o CMakeFiles/cmTC_b9d87.dir/CheckFunctionExists.c.o   -c /usr/share/cmake-3.5/Modules/CheckFunctionExists.c
Linking C executable cmTC_b9d87
/usr/bin/cmake -E cmake_link_script CMakeFiles/cmTC_b9d87.dir/link.txt --verbose=1
/usr/bin/cc   -DCHECK_FUNCTION_EXISTS=pthread_create    CMakeFiles/cmTC_b9d87.dir/CheckFunctionExists.c.o  -o cmTC_b9d87 -rdynamic -lpthreads 
/usr/bin/ld: cannot find -lpthreads
collect2: error: ld returned 1 exit status
CMakeFiles/cmTC_b9d87.dir/build.make:97: recipe for target 'cmTC_b9d87' failed
make[1]: *** [cmTC_b9d87] Error 1
make[1]: Leaving directory '/home/rip-acer-vn7-591g-1/catkin_ws/build_cmi/rosserial_tivac/CMakeFiles/CMakeTmp'
Makefile:126: recipe for target 'cmTC_b9d87/fast' failed
make: *** [cmTC_b9d87/fast] Error 2


