Determining if the pthread_create exist failed with the following output:
Change Dir: /home/rip-acer-vn7-591g-1/catkin_ws/build_cmi/robot_localization/CMakeFiles/CMakeTmp

Run Build Command:"/usr/bin/make" "cmTC_a8b1c/fast"
/usr/bin/make -f CMakeFiles/cmTC_a8b1c.dir/build.make CMakeFiles/cmTC_a8b1c.dir/build
make[1]: Entering directory '/home/rip-acer-vn7-591g-1/catkin_ws/build_cmi/robot_localization/CMakeFiles/CMakeTmp'
Building C object CMakeFiles/cmTC_a8b1c.dir/CheckSymbolExists.c.o
/usr/bin/cc     -o CMakeFiles/cmTC_a8b1c.dir/CheckSymbolExists.c.o   -c /home/rip-acer-vn7-591g-1/catkin_ws/build_cmi/robot_localization/CMakeFiles/CMakeTmp/CheckSymbolExists.c
Linking C executable cmTC_a8b1c
/usr/bin/cmake -E cmake_link_script CMakeFiles/cmTC_a8b1c.dir/link.txt --verbose=1
/usr/bin/cc       CMakeFiles/cmTC_a8b1c.dir/CheckSymbolExists.c.o  -o cmTC_a8b1c -rdynamic 
CMakeFiles/cmTC_a8b1c.dir/CheckSymbolExists.c.o: In function `main':
CheckSymbolExists.c:(.text+0x16): undefined reference to `pthread_create'
collect2: error: ld returned 1 exit status
CMakeFiles/cmTC_a8b1c.dir/build.make:97: recipe for target 'cmTC_a8b1c' failed
make[1]: *** [cmTC_a8b1c] Error 1
make[1]: Leaving directory '/home/rip-acer-vn7-591g-1/catkin_ws/build_cmi/robot_localization/CMakeFiles/CMakeTmp'
Makefile:126: recipe for target 'cmTC_a8b1c/fast' failed
make: *** [cmTC_a8b1c/fast] Error 2

File /home/rip-acer-vn7-591g-1/catkin_ws/build_cmi/robot_localization/CMakeFiles/CMakeTmp/CheckSymbolExists.c:
/* */
#include <pthread.h>

int main(int argc, char** argv)
{
  (void)argv;
#ifndef pthread_create
  return ((int*)(&pthread_create))[argc];
#else
  (void)argc;
  return 0;
#endif
}

Determining if the function pthread_create exists in the pthreads failed with the following output:
Change Dir: /home/rip-acer-vn7-591g-1/catkin_ws/build_cmi/robot_localization/CMakeFiles/CMakeTmp

Run Build Command:"/usr/bin/make" "cmTC_5413b/fast"
/usr/bin/make -f CMakeFiles/cmTC_5413b.dir/build.make CMakeFiles/cmTC_5413b.dir/build
make[1]: Entering directory '/home/rip-acer-vn7-591g-1/catkin_ws/build_cmi/robot_localization/CMakeFiles/CMakeTmp'
Building C object CMakeFiles/cmTC_5413b.dir/CheckFunctionExists.c.o
/usr/bin/cc    -DCHECK_FUNCTION_EXISTS=pthread_create   -o CMakeFiles/cmTC_5413b.dir/CheckFunctionExists.c.o   -c /usr/share/cmake-3.5/Modules/CheckFunctionExists.c
Linking C executable cmTC_5413b
/usr/bin/cmake -E cmake_link_script CMakeFiles/cmTC_5413b.dir/link.txt --verbose=1
/usr/bin/cc   -DCHECK_FUNCTION_EXISTS=pthread_create    CMakeFiles/cmTC_5413b.dir/CheckFunctionExists.c.o  -o cmTC_5413b -rdynamic -lpthreads 
/usr/bin/ld: cannot find -lpthreads
collect2: error: ld returned 1 exit status
CMakeFiles/cmTC_5413b.dir/build.make:97: recipe for target 'cmTC_5413b' failed
make[1]: *** [cmTC_5413b] Error 1
make[1]: Leaving directory '/home/rip-acer-vn7-591g-1/catkin_ws/build_cmi/robot_localization/CMakeFiles/CMakeTmp'
Makefile:126: recipe for target 'cmTC_5413b/fast' failed
make: *** [cmTC_5413b/fast] Error 2


