Determining if the pthread_create exist failed with the following output:
Change Dir: /home/rip-acer-vn7-591g-1/catkin_ws/build_cmi/rosserial/CMakeFiles/CMakeTmp

Run Build Command:"/usr/bin/make" "cmTC_bb089/fast"
/usr/bin/make -f CMakeFiles/cmTC_bb089.dir/build.make CMakeFiles/cmTC_bb089.dir/build
make[1]: Entering directory '/home/rip-acer-vn7-591g-1/catkin_ws/build_cmi/rosserial/CMakeFiles/CMakeTmp'
Building C object CMakeFiles/cmTC_bb089.dir/CheckSymbolExists.c.o
/usr/bin/cc     -o CMakeFiles/cmTC_bb089.dir/CheckSymbolExists.c.o   -c /home/rip-acer-vn7-591g-1/catkin_ws/build_cmi/rosserial/CMakeFiles/CMakeTmp/CheckSymbolExists.c
Linking C executable cmTC_bb089
/usr/bin/cmake -E cmake_link_script CMakeFiles/cmTC_bb089.dir/link.txt --verbose=1
/usr/bin/cc       CMakeFiles/cmTC_bb089.dir/CheckSymbolExists.c.o  -o cmTC_bb089 -rdynamic 
CMakeFiles/cmTC_bb089.dir/CheckSymbolExists.c.o: In function `main':
CheckSymbolExists.c:(.text+0x16): undefined reference to `pthread_create'
collect2: error: ld returned 1 exit status
CMakeFiles/cmTC_bb089.dir/build.make:97: recipe for target 'cmTC_bb089' failed
make[1]: *** [cmTC_bb089] Error 1
make[1]: Leaving directory '/home/rip-acer-vn7-591g-1/catkin_ws/build_cmi/rosserial/CMakeFiles/CMakeTmp'
Makefile:126: recipe for target 'cmTC_bb089/fast' failed
make: *** [cmTC_bb089/fast] Error 2

File /home/rip-acer-vn7-591g-1/catkin_ws/build_cmi/rosserial/CMakeFiles/CMakeTmp/CheckSymbolExists.c:
/* */
#include <pthread.h>

int main(int argc, char** argv)
{
  (void)argv;
#ifndef pthread_create
  return ((int*)(&pthread_create))[argc];
#else
  (void)argc;
  return 0;
#endif
}

Determining if the function pthread_create exists in the pthreads failed with the following output:
Change Dir: /home/rip-acer-vn7-591g-1/catkin_ws/build_cmi/rosserial/CMakeFiles/CMakeTmp

Run Build Command:"/usr/bin/make" "cmTC_68c68/fast"
/usr/bin/make -f CMakeFiles/cmTC_68c68.dir/build.make CMakeFiles/cmTC_68c68.dir/build
make[1]: Entering directory '/home/rip-acer-vn7-591g-1/catkin_ws/build_cmi/rosserial/CMakeFiles/CMakeTmp'
Building C object CMakeFiles/cmTC_68c68.dir/CheckFunctionExists.c.o
/usr/bin/cc    -DCHECK_FUNCTION_EXISTS=pthread_create   -o CMakeFiles/cmTC_68c68.dir/CheckFunctionExists.c.o   -c /usr/share/cmake-3.5/Modules/CheckFunctionExists.c
Linking C executable cmTC_68c68
/usr/bin/cmake -E cmake_link_script CMakeFiles/cmTC_68c68.dir/link.txt --verbose=1
/usr/bin/cc   -DCHECK_FUNCTION_EXISTS=pthread_create    CMakeFiles/cmTC_68c68.dir/CheckFunctionExists.c.o  -o cmTC_68c68 -rdynamic -lpthreads 
/usr/bin/ld: cannot find -lpthreads
collect2: error: ld returned 1 exit status
CMakeFiles/cmTC_68c68.dir/build.make:97: recipe for target 'cmTC_68c68' failed
make[1]: *** [cmTC_68c68] Error 1
make[1]: Leaving directory '/home/rip-acer-vn7-591g-1/catkin_ws/build_cmi/rosserial/CMakeFiles/CMakeTmp'
Makefile:126: recipe for target 'cmTC_68c68/fast' failed
make: *** [cmTC_68c68/fast] Error 2


